0 info it worked if it ends with ok
1 verbose cli [ 'node', '/usr/local/bin/npm', 'install', 'heroku-cli' ]
2 info using npm@1.4.28
3 info using node@v0.10.33
4 warn package.json node_cont.@1.0.0 No description
5 warn package.json node_cont.@1.0.0 No repository field.
6 warn package.json node_cont.@1.0.0 No README data
7 verbose readDependencies using package.json deps
8 verbose cache add [ 'heroku-cli', null ]
9 verbose cache add name=undefined spec="heroku-cli" args=["heroku-cli",null]
10 verbose parsed url { protocol: null,
10 verbose parsed url   slashes: null,
10 verbose parsed url   auth: null,
10 verbose parsed url   host: null,
10 verbose parsed url   port: null,
10 verbose parsed url   hostname: null,
10 verbose parsed url   hash: null,
10 verbose parsed url   search: null,
10 verbose parsed url   query: null,
10 verbose parsed url   pathname: 'heroku-cli',
10 verbose parsed url   path: 'heroku-cli',
10 verbose parsed url   href: 'heroku-cli' }
11 silly lockFile 2a633d17-heroku-cli heroku-cli
12 verbose lock heroku-cli /Users/aleksander/.npm/2a633d17-heroku-cli.lock
13 silly lockFile 2a633d17-heroku-cli heroku-cli
14 silly lockFile 2a633d17-heroku-cli heroku-cli
15 verbose addNamed [ 'heroku-cli', '' ]
16 verbose addNamed [ null, '*' ]
17 silly lockFile 93d219be-heroku-cli heroku-cli@
18 verbose lock heroku-cli@ /Users/aleksander/.npm/93d219be-heroku-cli.lock
19 silly addNameRange { name: 'heroku-cli', range: '*', hasData: false }
20 verbose request where is /heroku-cli
21 verbose request registry https://registry.npmjs.org/
22 verbose request id 1053c8c9efd0b247
23 verbose url raw /heroku-cli
24 verbose url resolving [ 'https://registry.npmjs.org/', './heroku-cli' ]
25 verbose url resolved https://registry.npmjs.org/heroku-cli
26 verbose request where is https://registry.npmjs.org/heroku-cli
27 info trying registry request attempt 1 at 15:37:54
28 http GET https://registry.npmjs.org/heroku-cli
29 http 404 https://registry.npmjs.org/heroku-cli
30 verbose headers { date: 'Thu, 16 Apr 2015 12:37:54 GMT',
30 verbose headers   server: 'CouchDB/1.5.0 (Erlang OTP/R16B03)',
30 verbose headers   'content-type': 'application/json',
30 verbose headers   'cache-control': 'max-age=0',
30 verbose headers   'content-length': '51',
30 verbose headers   'accept-ranges': 'bytes',
30 verbose headers   via: '1.1 varnish',
30 verbose headers   age: '0',
30 verbose headers   'x-served-by': 'cache-fra1244-FRA',
30 verbose headers   'x-cache': 'MISS',
30 verbose headers   'x-cache-hits': '0',
30 verbose headers   'x-timer': 'S1429187874.814678,VS0,VE179',
30 verbose headers   'keep-alive': 'timeout=10, max=50',
30 verbose headers   connection: 'Keep-Alive' }
31 silly registry.get cb [ 404,
31 silly registry.get   { date: 'Thu, 16 Apr 2015 12:37:54 GMT',
31 silly registry.get     server: 'CouchDB/1.5.0 (Erlang OTP/R16B03)',
31 silly registry.get     'content-type': 'application/json',
31 silly registry.get     'cache-control': 'max-age=0',
31 silly registry.get     'content-length': '51',
31 silly registry.get     'accept-ranges': 'bytes',
31 silly registry.get     via: '1.1 varnish',
31 silly registry.get     age: '0',
31 silly registry.get     'x-served-by': 'cache-fra1244-FRA',
31 silly registry.get     'x-cache': 'MISS',
31 silly registry.get     'x-cache-hits': '0',
31 silly registry.get     'x-timer': 'S1429187874.814678,VS0,VE179',
31 silly registry.get     'keep-alive': 'timeout=10, max=50',
31 silly registry.get     connection: 'Keep-Alive' } ]
32 silly lockFile 93d219be-heroku-cli heroku-cli@
33 silly lockFile 93d219be-heroku-cli heroku-cli@
34 error 404 404 Not Found: heroku-cli
34 error 404
34 error 404 'heroku-cli' is not in the npm registry.
34 error 404 You should bug the author to publish it
34 error 404 It was specified as a dependency of 'node_cont.'
34 error 404
34 error 404 Note that you can also install from a
34 error 404 tarball, folder, or http url, or git url.
35 error System Darwin 11.4.2
36 error command "node" "/usr/local/bin/npm" "install" "heroku-cli"
37 error cwd /Users/aleksander/Downloads/node-continious
38 error node -v v0.10.33
39 error npm -v 1.4.28
40 error code E404
41 verbose exit [ 1, true ]
